<?xml version="1.0" encoding="utf-8" standalone="no"?>
<!--This file represents the results of running a test suite-->
<test-results name="D:\repository\FizzBuzz-Marzo\amedio\FizzBuzz\FizzBuzz.nunit" total="1" errors="0" failures="0" not-run="0" inconclusive="0" ignored="0" skipped="0" invalid="0" date="2011-03-02" time="21:22:23">
  <environment nunit-version="2.5.9.10348" clr-version="2.0.50727.4952" os-version="Microsoft Windows NT 6.1.7600.0" platform="Win32NT" cwd="C:\Program Files\NUnit 2.5.9\bin\net-2.0" machine-name="BENDER001" user="Ruben" user-domain="BENDER001" />
  <culture-info current-culture="es-ES" current-uiculture="es-ES" />
  <test-suite type="Project" name="D:\repository\FizzBuzz-Marzo\amedio\FizzBuzz\FizzBuzz.nunit" executed="True" result="Success" success="True" time="0.151" asserts="0">
    <results>
      <test-suite type="Assembly" name="D:\repository\FizzBuzz-Marzo\amedio\FizzBuzz\TestFizzBuzz\bin\Release\TestFizzBuzz.dll" executed="True" result="Success" success="True" time="0.143" asserts="0">
        <results>
          <test-suite type="Namespace" name="TestFizzBuzz" executed="True" result="Success" success="True" time="0.137" asserts="0">
            <results>
              <test-suite type="TestFixture" name="UnitTest" executed="True" result="Success" success="True" time="0.131" asserts="0">
                <results>
                  <test-case name="TestFizzBuzz.UnitTest.TestConvertToRoman" executed="True" result="Success" success="True" time="0.095" asserts="20" />
                </results>
              </test-suite>
            </results>
          </test-suite>
        </results>
      </test-suite>
    </results>
  </test-suite>
</test-results>